0 info it worked if it ends with ok
1 verbose cli [ 'C:\\Program Files\\nodejs\\node.exe',
1 verbose cli   'C:\\Program Files\\nodejs\\node_modules\\npm\\bin\\npm-cli.js',
1 verbose cli   'install' ]
2 info using npm@2.14.4
3 info using node@v4.1.1
4 verbose readDependencies loading dependencies from c:\wamp\www\google_maps_stuff\ionic-maps\package.json
5 warn package.json ionic-maps@1.1.1 No repository field.
6 warn package.json ionic-maps@1.1.1 No README data
7 warn package.json ionic-maps@1.1.1 No license field.
8 verbose install where, deps [ 'c:\\wamp\\www\\google_maps_stuff\\ionic-maps',
8 verbose install   [ 'gulp',
8 verbose install     'gulp-sass',
8 verbose install     'gulp-concat',
8 verbose install     'gulp-minify-css',
8 verbose install     'gulp-rename',
8 verbose install     'bower',
8 verbose install     'gulp-util',
8 verbose install     'shelljs' ] ]
9 verbose install where, peers [ 'c:\\wamp\\www\\google_maps_stuff\\ionic-maps', [] ]
10 verbose installManyTop reading for lifecycle c:\wamp\www\google_maps_stuff\ionic-maps\package.json
11 info preinstall ionic-maps@1.1.1
12 verbose readDependencies loading dependencies from c:\wamp\www\google_maps_stuff\ionic-maps\package.json
13 silly cache add args [ 'gulp-concat@^2.2.0', null ]
14 verbose cache add spec gulp-concat@^2.2.0
15 silly cache add parsed spec Result {
15 silly cache add   raw: 'gulp-concat@^2.2.0',
15 silly cache add   scope: null,
15 silly cache add   name: 'gulp-concat',
15 silly cache add   rawSpec: '^2.2.0',
15 silly cache add   spec: '>=2.2.0 <3.0.0',
15 silly cache add   type: 'range' }
16 silly addNamed gulp-concat@>=2.2.0 <3.0.0
17 verbose addNamed ">=2.2.0 <3.0.0" is a valid semver range for gulp-concat
18 silly addNameRange { name: 'gulp-concat', range: '>=2.2.0 <3.0.0', hasData: false }
19 silly mapToRegistry name gulp-concat
20 silly mapToRegistry using default registry
21 silly mapToRegistry registry https://registry.npmjs.org/
22 silly mapToRegistry uri https://registry.npmjs.org/gulp-concat
23 verbose addNameRange registry:https://registry.npmjs.org/gulp-concat not in flight; fetching
24 silly cache add args [ 'gulp-minify-css@^0.3.0', null ]
25 verbose cache add spec gulp-minify-css@^0.3.0
26 silly cache add parsed spec Result {
26 silly cache add   raw: 'gulp-minify-css@^0.3.0',
26 silly cache add   scope: null,
26 silly cache add   name: 'gulp-minify-css',
26 silly cache add   rawSpec: '^0.3.0',
26 silly cache add   spec: '>=0.3.0 <0.4.0',
26 silly cache add   type: 'range' }
27 silly addNamed gulp-minify-css@>=0.3.0 <0.4.0
28 verbose addNamed ">=0.3.0 <0.4.0" is a valid semver range for gulp-minify-css
29 silly addNameRange { name: 'gulp-minify-css',
29 silly addNameRange   range: '>=0.3.0 <0.4.0',
29 silly addNameRange   hasData: false }
30 silly mapToRegistry name gulp-minify-css
31 silly mapToRegistry using default registry
32 silly mapToRegistry registry https://registry.npmjs.org/
33 silly mapToRegistry uri https://registry.npmjs.org/gulp-minify-css
34 verbose addNameRange registry:https://registry.npmjs.org/gulp-minify-css not in flight; fetching
35 silly cache add args [ 'gulp-rename@^1.2.0', null ]
36 verbose cache add spec gulp-rename@^1.2.0
37 silly cache add parsed spec Result {
37 silly cache add   raw: 'gulp-rename@^1.2.0',
37 silly cache add   scope: null,
37 silly cache add   name: 'gulp-rename',
37 silly cache add   rawSpec: '^1.2.0',
37 silly cache add   spec: '>=1.2.0 <2.0.0',
37 silly cache add   type: 'range' }
38 silly addNamed gulp-rename@>=1.2.0 <2.0.0
39 verbose addNamed ">=1.2.0 <2.0.0" is a valid semver range for gulp-rename
40 silly addNameRange { name: 'gulp-rename', range: '>=1.2.0 <2.0.0', hasData: false }
41 silly mapToRegistry name gulp-rename
42 silly mapToRegistry using default registry
43 silly mapToRegistry registry https://registry.npmjs.org/
44 silly mapToRegistry uri https://registry.npmjs.org/gulp-rename
45 verbose addNameRange registry:https://registry.npmjs.org/gulp-rename not in flight; fetching
46 silly cache add args [ 'bower@^1.3.3', null ]
47 verbose cache add spec bower@^1.3.3
48 silly cache add parsed spec Result {
48 silly cache add   raw: 'bower@^1.3.3',
48 silly cache add   scope: null,
48 silly cache add   name: 'bower',
48 silly cache add   rawSpec: '^1.3.3',
48 silly cache add   spec: '>=1.3.3 <2.0.0',
48 silly cache add   type: 'range' }
49 silly addNamed bower@>=1.3.3 <2.0.0
50 verbose addNamed ">=1.3.3 <2.0.0" is a valid semver range for bower
51 silly addNameRange { name: 'bower', range: '>=1.3.3 <2.0.0', hasData: false }
52 silly mapToRegistry name bower
53 silly mapToRegistry using default registry
54 silly mapToRegistry registry https://registry.npmjs.org/
55 silly mapToRegistry uri https://registry.npmjs.org/bower
56 verbose addNameRange registry:https://registry.npmjs.org/bower not in flight; fetching
57 silly cache add args [ 'gulp-util@^2.2.14', null ]
58 verbose cache add spec gulp-util@^2.2.14
59 silly cache add parsed spec Result {
59 silly cache add   raw: 'gulp-util@^2.2.14',
59 silly cache add   scope: null,
59 silly cache add   name: 'gulp-util',
59 silly cache add   rawSpec: '^2.2.14',
59 silly cache add   spec: '>=2.2.14 <3.0.0',
59 silly cache add   type: 'range' }
60 silly addNamed gulp-util@>=2.2.14 <3.0.0
61 verbose addNamed ">=2.2.14 <3.0.0" is a valid semver range for gulp-util
62 silly addNameRange { name: 'gulp-util', range: '>=2.2.14 <3.0.0', hasData: false }
63 silly mapToRegistry name gulp-util
64 silly mapToRegistry using default registry
65 silly mapToRegistry registry https://registry.npmjs.org/
66 silly mapToRegistry uri https://registry.npmjs.org/gulp-util
67 verbose addNameRange registry:https://registry.npmjs.org/gulp-util not in flight; fetching
68 silly cache add args [ 'shelljs@^0.3.0', null ]
69 verbose cache add spec shelljs@^0.3.0
70 silly cache add parsed spec Result {
70 silly cache add   raw: 'shelljs@^0.3.0',
70 silly cache add   scope: null,
70 silly cache add   name: 'shelljs',
70 silly cache add   rawSpec: '^0.3.0',
70 silly cache add   spec: '>=0.3.0 <0.4.0',
70 silly cache add   type: 'range' }
71 silly addNamed shelljs@>=0.3.0 <0.4.0
72 verbose addNamed ">=0.3.0 <0.4.0" is a valid semver range for shelljs
73 silly addNameRange { name: 'shelljs', range: '>=0.3.0 <0.4.0', hasData: false }
74 silly mapToRegistry name shelljs
75 silly mapToRegistry using default registry
76 silly mapToRegistry registry https://registry.npmjs.org/
77 silly mapToRegistry uri https://registry.npmjs.org/shelljs
78 verbose addNameRange registry:https://registry.npmjs.org/shelljs not in flight; fetching
79 silly cache add args [ 'gulp@^3.5.6', null ]
80 verbose cache add spec gulp@^3.5.6
81 silly cache add parsed spec Result {
81 silly cache add   raw: 'gulp@^3.5.6',
81 silly cache add   scope: null,
81 silly cache add   name: 'gulp',
81 silly cache add   rawSpec: '^3.5.6',
81 silly cache add   spec: '>=3.5.6 <4.0.0',
81 silly cache add   type: 'range' }
82 silly addNamed gulp@>=3.5.6 <4.0.0
83 verbose addNamed ">=3.5.6 <4.0.0" is a valid semver range for gulp
84 silly addNameRange { name: 'gulp', range: '>=3.5.6 <4.0.0', hasData: false }
85 silly mapToRegistry name gulp
86 silly mapToRegistry using default registry
87 silly mapToRegistry registry https://registry.npmjs.org/
88 silly mapToRegistry uri https://registry.npmjs.org/gulp
89 verbose addNameRange registry:https://registry.npmjs.org/gulp not in flight; fetching
90 silly cache add args [ 'gulp-sass@^2.0.4', null ]
91 verbose cache add spec gulp-sass@^2.0.4
92 silly cache add parsed spec Result {
92 silly cache add   raw: 'gulp-sass@^2.0.4',
92 silly cache add   scope: null,
92 silly cache add   name: 'gulp-sass',
92 silly cache add   rawSpec: '^2.0.4',
92 silly cache add   spec: '>=2.0.4 <3.0.0',
92 silly cache add   type: 'range' }
93 silly addNamed gulp-sass@>=2.0.4 <3.0.0
94 verbose addNamed ">=2.0.4 <3.0.0" is a valid semver range for gulp-sass
95 silly addNameRange { name: 'gulp-sass', range: '>=2.0.4 <3.0.0', hasData: false }
96 silly mapToRegistry name gulp-sass
97 silly mapToRegistry using default registry
98 silly mapToRegistry registry https://registry.npmjs.org/
99 silly mapToRegistry uri https://registry.npmjs.org/gulp-sass
100 verbose addNameRange registry:https://registry.npmjs.org/gulp-sass not in flight; fetching
101 verbose request uri https://registry.npmjs.org/gulp-concat
102 verbose request no auth needed
103 info attempt registry request try #1 at 1:03:30 PM
104 verbose request id a5caf9d3590de31b
105 verbose etag "2C5MTIBHTAE6OB15IGA9U2TEL"
106 http request GET https://registry.npmjs.org/gulp-concat
107 verbose request uri https://registry.npmjs.org/gulp-sass
108 verbose request no auth needed
109 info attempt registry request try #1 at 1:03:30 PM
110 verbose etag "500A5M8QNDPU0HJ0I2FG8QTI4"
111 http request GET https://registry.npmjs.org/gulp-sass
112 verbose request uri https://registry.npmjs.org/gulp-rename
113 verbose request no auth needed
114 info attempt registry request try #1 at 1:03:30 PM
115 verbose etag "8OLVK3EZTYKBJ4JQ8L8Z4UTDC"
116 http request GET https://registry.npmjs.org/gulp-rename
117 verbose request uri https://registry.npmjs.org/bower
118 verbose request no auth needed
119 info attempt registry request try #1 at 1:03:30 PM
120 verbose etag "2SHCY448UNTIGQLC27IBCEXU0"
121 http request GET https://registry.npmjs.org/bower
122 verbose request uri https://registry.npmjs.org/gulp-util
123 verbose request no auth needed
124 info attempt registry request try #1 at 1:03:30 PM
125 verbose etag "6ZFNWV6GN80AQGUL2ZVONWZL1"
126 http request GET https://registry.npmjs.org/gulp-util
127 verbose request uri https://registry.npmjs.org/gulp-minify-css
128 verbose request no auth needed
129 info attempt registry request try #1 at 1:03:30 PM
130 verbose etag "2G6QJG1BZAGLLZV6BUKLABR1M"
131 http request GET https://registry.npmjs.org/gulp-minify-css
132 verbose request uri https://registry.npmjs.org/shelljs
133 verbose request no auth needed
134 info attempt registry request try #1 at 1:03:30 PM
135 verbose etag "CMDW344KUH7NSEF5K9A5HBLP1"
136 http request GET https://registry.npmjs.org/shelljs
137 verbose request uri https://registry.npmjs.org/gulp
138 verbose request no auth needed
139 info attempt registry request try #1 at 1:03:30 PM
140 verbose etag "1DSMEN1FVZETRKZ5L8D4JG40U"
141 http request GET https://registry.npmjs.org/gulp
142 http 200 https://registry.npmjs.org/gulp-rename
143 silly get cb [ 200,
143 silly get   { server: 'CouchDB/1.5.0 (Erlang OTP/R16B03)',
143 silly get     etag: '"5SSYQNV301GIGB59L8JV0F4Q7"',
143 silly get     'content-type': 'application/json',
143 silly get     'cache-control': 'max-age=60',
143 silly get     'content-length': '13294',
143 silly get     'accept-ranges': 'bytes',
143 silly get     date: 'Fri, 20 Nov 2015 18:03:43 GMT',
143 silly get     via: '1.1 varnish',
143 silly get     age: '57',
143 silly get     connection: 'keep-alive',
143 silly get     'x-served-by': 'cache-jfk1035-JFK',
143 silly get     'x-cache': 'HIT',
143 silly get     'x-cache-hits': '1',
143 silly get     'x-timer': 'S1448042623.340854,VS0,VE2',
143 silly get     vary: 'Accept' } ]
144 verbose get saving gulp-rename to C:\Users\home\AppData\Roaming\npm-cache\registry.npmjs.org\gulp-rename\.cache.json
145 silly addNameRange number 2 { name: 'gulp-rename', range: '>=1.2.0 <2.0.0', hasData: true }
146 silly addNameRange versions [ 'gulp-rename',
146 silly addNameRange   [ '0.1.0', '0.2.1', '0.2.2', '1.0.0', '1.1.0', '1.2.0', '1.2.2' ] ]
147 silly addNamed gulp-rename@1.2.2
148 verbose addNamed "1.2.2" is a plain semver version for gulp-rename
149 silly cache afterAdd gulp-rename@1.2.2
150 verbose afterAdd C:\Users\home\AppData\Roaming\npm-cache\gulp-rename\1.2.2\package\package.json not in flight; writing
151 verbose afterAdd C:\Users\home\AppData\Roaming\npm-cache\gulp-rename\1.2.2\package\package.json written
152 http 200 https://registry.npmjs.org/gulp-concat
153 silly get cb [ 200,
153 silly get   { server: 'CouchDB/1.5.0 (Erlang OTP/R16B03)',
153 silly get     etag: '"153A75AR1B7DIMIDMRB6ZN1DI"',
153 silly get     'content-type': 'application/json',
153 silly get     'cache-control': 'max-age=60',
153 silly get     'content-length': '38019',
153 silly get     'accept-ranges': 'bytes',
153 silly get     date: 'Fri, 20 Nov 2015 18:03:45 GMT',
153 silly get     via: '1.1 varnish',
153 silly get     age: '18',
153 silly get     connection: 'keep-alive',
153 silly get     'x-served-by': 'cache-jfk1032-JFK',
153 silly get     'x-cache': 'HIT',
153 silly get     'x-cache-hits': '1',
153 silly get     'x-timer': 'S1448042625.735889,VS0,VE1',
153 silly get     vary: 'Accept' } ]
154 verbose get saving gulp-concat to C:\Users\home\AppData\Roaming\npm-cache\registry.npmjs.org\gulp-concat\.cache.json
155 silly addNameRange number 2 { name: 'gulp-concat', range: '>=2.2.0 <3.0.0', hasData: true }
156 silly addNameRange versions [ 'gulp-concat',
156 silly addNameRange   [ '0.0.1',
156 silly addNameRange     '1.0.0',
156 silly addNameRange     '1.1.0',
156 silly addNameRange     '2.0.0',
156 silly addNameRange     '2.1.0',
156 silly addNameRange     '2.1.1',
156 silly addNameRange     '2.1.2',
156 silly addNameRange     '2.1.3',
156 silly addNameRange     '2.1.4',
156 silly addNameRange     '2.1.5',
156 silly addNameRange     '2.1.6',
156 silly addNameRange     '2.1.7',
156 silly addNameRange     '2.2.0',
156 silly addNameRange     '2.3.0',
156 silly addNameRange     '2.3.3',
156 silly addNameRange     '2.3.4',
156 silly addNameRange     '2.3.5',
156 silly addNameRange     '2.4.0',
156 silly addNameRange     '2.4.1',
156 silly addNameRange     '2.4.2',
156 silly addNameRange     '2.4.3',
156 silly addNameRange     '2.5.0',
156 silly addNameRange     '2.5.1',
156 silly addNameRange     '2.5.2',
156 silly addNameRange     '2.6.0' ] ]
157 silly addNamed gulp-concat@2.6.0
158 verbose addNamed "2.6.0" is a plain semver version for gulp-concat
159 silly cache afterAdd gulp-concat@2.6.0
160 verbose afterAdd C:\Users\home\AppData\Roaming\npm-cache\gulp-concat\2.6.0\package\package.json not in flight; writing
161 verbose afterAdd C:\Users\home\AppData\Roaming\npm-cache\gulp-concat\2.6.0\package\package.json written
162 http 200 https://registry.npmjs.org/gulp-util
163 silly get cb [ 200,
163 silly get   { server: 'CouchDB/1.5.0 (Erlang OTP/R16B03)',
163 silly get     etag: '"7LLBTMWTAUM9QZO1QSR0Q9DW3"',
163 silly get     'content-type': 'application/json',
163 silly get     'cache-control': 'max-age=60',
163 silly get     'content-length': '61388',
163 silly get     'accept-ranges': 'bytes',
163 silly get     date: 'Fri, 20 Nov 2015 18:03:50 GMT',
163 silly get     via: '1.1 varnish',
163 silly get     age: '18',
163 silly get     connection: 'keep-alive',
163 silly get     'x-served-by': 'cache-jfk1021-JFK',
163 silly get     'x-cache': 'HIT',
163 silly get     'x-cache-hits': '1',
163 silly get     'x-timer': 'S1448042630.539345,VS0,VE0',
163 silly get     vary: 'Accept' } ]
164 verbose get saving gulp-util to C:\Users\home\AppData\Roaming\npm-cache\registry.npmjs.org\gulp-util\.cache.json
165 silly addNameRange number 2 { name: 'gulp-util', range: '>=2.2.14 <3.0.0', hasData: true }
166 silly addNameRange versions [ 'gulp-util',
166 silly addNameRange   [ '0.0.1',
166 silly addNameRange     '1.0.0',
166 silly addNameRange     '1.1.0',
166 silly addNameRange     '1.1.1',
166 silly addNameRange     '1.2.0',
166 silly addNameRange     '1.3.0',
166 silly addNameRange     '2.0.0',
166 silly addNameRange     '2.1.1',
166 silly addNameRange     '2.1.2',
166 silly addNameRange     '2.1.3',
166 silly addNameRange     '2.1.4',
166 silly addNameRange     '2.2.0',
166 silly addNameRange     '2.2.1',
166 silly addNameRange     '2.2.2',
166 silly addNameRange     '2.2.3',
166 silly addNameRange     '2.2.5',
166 silly addNameRange     '2.2.6',
166 silly addNameRange     '2.2.7',
166 silly addNameRange     '2.2.8',
166 silly addNameRange     '2.2.9',
166 silly addNameRange     '2.2.10',
166 silly addNameRange     '2.2.11',
166 silly addNameRange     '2.2.12',
166 silly addNameRange     '2.2.13',
166 silly addNameRange     '2.2.14',
166 silly addNameRange     '2.2.15',
166 silly addNameRange     '2.2.16',
166 silly addNameRange     '2.2.17',
166 silly addNameRange     '2.2.18',
166 silly addNameRange     '2.2.19',
166 silly addNameRange     '2.2.20',
166 silly addNameRange     '3.0.0',
166 silly addNameRange     '3.0.1',
166 silly addNameRange     '3.0.2',
166 silly addNameRange     '3.0.3',
166 silly addNameRange     '3.0.4',
166 silly addNameRange     '3.0.5',
166 silly addNameRange     '3.0.6',
166 silly addNameRange     '3.0.7' ] ]
167 silly addNamed gulp-util@2.2.20
168 verbose addNamed "2.2.20" is a plain semver version for gulp-util
169 silly cache afterAdd gulp-util@2.2.20
170 verbose afterAdd C:\Users\home\AppData\Roaming\npm-cache\gulp-util\2.2.20\package\package.json not in flight; writing
171 verbose afterAdd C:\Users\home\AppData\Roaming\npm-cache\gulp-util\2.2.20\package\package.json written
172 http 200 https://registry.npmjs.org/gulp-sass
173 silly get cb [ 200,
173 silly get   { server: 'CouchDB/1.5.0 (Erlang OTP/R16B03)',
173 silly get     etag: '"6LTICK1Y8GS6X0EGHF9R4AEYA"',
173 silly get     'content-type': 'application/json',
173 silly get     'cache-control': 'max-age=60',
173 silly get     'content-length': '43311',
173 silly get     'accept-ranges': 'bytes',
173 silly get     date: 'Fri, 20 Nov 2015 18:03:58 GMT',
173 silly get     via: '1.1 varnish',
173 silly get     age: '0',
173 silly get     connection: 'keep-alive',
173 silly get     'x-served-by': 'cache-atl6235-ATL',
173 silly get     'x-cache': 'HIT',
173 silly get     'x-cache-hits': '1',
173 silly get     'x-timer': 'S1448042638.599979,VS0,VE93',
173 silly get     vary: 'Accept' } ]
174 verbose get saving gulp-sass to C:\Users\home\AppData\Roaming\npm-cache\registry.npmjs.org\gulp-sass\.cache.json
175 silly addNameRange number 2 { name: 'gulp-sass', range: '>=2.0.4 <3.0.0', hasData: true }
176 silly addNameRange versions [ 'gulp-sass',
176 silly addNameRange   [ '0.1.0',
176 silly addNameRange     '0.2.1',
176 silly addNameRange     '0.2.2',
176 silly addNameRange     '0.2.3',
176 silly addNameRange     '0.3.0',
176 silly addNameRange     '0.4.0',
176 silly addNameRange     '0.4.1',
176 silly addNameRange     '0.5.0',
176 silly addNameRange     '0.5.1',
176 silly addNameRange     '0.5.2',
176 silly addNameRange     '0.6.0',
176 silly addNameRange     '0.7.0',
176 silly addNameRange     '0.7.1',
176 silly addNameRange     '0.7.2',
176 silly addNameRange     '0.7.3',
176 silly addNameRange     '1.0.0',
176 silly addNameRange     '1.1.0',
176 silly addNameRange     '1.2.0',
176 silly addNameRange     '1.2.1',
176 silly addNameRange     '1.2.2',
176 silly addNameRange     '1.2.3',
176 silly addNameRange     '1.2.4',
176 silly addNameRange     '1.3.0',
176 silly addNameRange     '1.3.1',
176 silly addNameRange     '1.3.2',
176 silly addNameRange     '1.3.3',
176 silly addNameRange     '2.0.0-alpha.1',
176 silly addNameRange     '2.0.0',
176 silly addNameRange     '2.0.2',
176 silly addNameRange     '2.0.3',
176 silly addNameRange     '2.0.4',
176 silly addNameRange     '2.1.0-beta',
176 silly addNameRange     '2.1.0' ] ]
177 silly addNamed gulp-sass@2.1.0
178 verbose addNamed "2.1.0" is a plain semver version for gulp-sass
179 silly mapToRegistry name gulp-sass
180 silly mapToRegistry using default registry
181 silly mapToRegistry registry https://registry.npmjs.org/
182 silly mapToRegistry uri https://registry.npmjs.org/gulp-sass
183 verbose addRemoteTarball https://registry.npmjs.org/gulp-sass/-/gulp-sass-2.1.0.tgz not in flight; adding
184 verbose addRemoteTarball [ 'https://registry.npmjs.org/gulp-sass/-/gulp-sass-2.1.0.tgz',
184 verbose addRemoteTarball   '2587bc535d8b508bc10f4e2cf35f01185737d80b' ]
185 info retry fetch attempt 1 at 1:04:02 PM
186 info attempt registry request try #1 at 1:04:02 PM
187 http fetch GET https://registry.npmjs.org/gulp-sass/-/gulp-sass-2.1.0.tgz
188 http fetch 200 https://registry.npmjs.org/gulp-sass/-/gulp-sass-2.1.0.tgz
189 silly fetchAndShaCheck shasum 2587bc535d8b508bc10f4e2cf35f01185737d80b
190 verbose addTmpTarball C:\Users\home\AppData\Local\Temp\npm-7304-22c7e2b5\registry.npmjs.org\gulp-sass\-\gulp-sass-2.1.0.tgz not in flight; adding
191 verbose addTmpTarball already have metadata; skipping unpack for gulp-sass@2.1.0
192 silly cache afterAdd gulp-sass@2.1.0
193 verbose afterAdd C:\Users\home\AppData\Roaming\npm-cache\gulp-sass\2.1.0\package\package.json not in flight; writing
194 verbose afterAdd C:\Users\home\AppData\Roaming\npm-cache\gulp-sass\2.1.0\package\package.json written
195 http 200 https://registry.npmjs.org/bower
196 silly get cb [ 200,
196 silly get   { server: 'CouchDB/1.5.0 (Erlang OTP/R16B03)',
196 silly get     etag: '"BVMUPU04TLN5NIR5ELXOX5042"',
196 silly get     'content-type': 'application/json',
196 silly get     'cache-control': 'max-age=60',
196 silly get     'content-length': '136410',
196 silly get     'accept-ranges': 'bytes',
196 silly get     date: 'Fri, 20 Nov 2015 18:04:02 GMT',
196 silly get     via: '1.1 varnish',
196 silly get     age: '55',
196 silly get     connection: 'keep-alive',
196 silly get     'x-served-by': 'cache-jfk1026-JFK',
196 silly get     'x-cache': 'HIT',
196 silly get     'x-cache-hits': '4',
196 silly get     'x-timer': 'S1448042642.927511,VS0,VE0',
196 silly get     vary: 'Accept' } ]
197 verbose get saving bower to C:\Users\home\AppData\Roaming\npm-cache\registry.npmjs.org\bower\.cache.json
198 silly addNameRange number 2 { name: 'bower', range: '>=1.3.3 <2.0.0', hasData: true }
199 silly addNameRange versions [ 'bower',
199 silly addNameRange   [ '0.1.0',
199 silly addNameRange     '0.1.2',
199 silly addNameRange     '0.1.3',
199 silly addNameRange     '0.2.0',
199 silly addNameRange     '0.3.0',
199 silly addNameRange     '0.3.1',
199 silly addNameRange     '0.3.2',
199 silly addNameRange     '0.4.0',
199 silly addNameRange     '0.5.0',
199 silly addNameRange     '0.5.1',
199 silly addNameRange     '0.6.0',
199 silly addNameRange     '0.6.1',
199 silly addNameRange     '0.6.2',
199 silly addNameRange     '0.6.3',
199 silly addNameRange     '0.6.4',
199 silly addNameRange     '0.6.5',
199 silly addNameRange     '0.6.6',
199 silly addNameRange     '0.6.7',
199 silly addNameRange     '0.6.8',
199 silly addNameRange     '0.7.0',
199 silly addNameRange     '0.7.1',
199 silly addNameRange     '0.8.0',
199 silly addNameRange     '0.8.1',
199 silly addNameRange     '0.8.2',
199 silly addNameRange     '0.8.3',
199 silly addNameRange     '0.8.4',
199 silly addNameRange     '0.8.5',
199 silly addNameRange     '0.8.6',
199 silly addNameRange     '0.9.0',
199 silly addNameRange     '0.9.1',
199 silly addNameRange     '0.9.2',
199 silly addNameRange     '0.10.0',
199 silly addNameRange     '1.0.0',
199 silly addNameRange     '1.0.1',
199 silly addNameRange     '1.0.2',
199 silly addNameRange     '1.0.3',
199 silly addNameRange     '1.1.0',
199 silly addNameRange     '1.1.1',
199 silly addNameRange     '1.1.2',
199 silly addNameRange     '1.2.0',
199 silly addNameRange     '1.2.1',
199 silly addNameRange     '1.2.2',
199 silly addNameRange     '1.2.3',
199 silly addNameRange     '1.2.4',
199 silly addNameRange     '1.2.5',
199 silly addNameRange     '1.2.6',
199 silly addNameRange     '1.2.7',
199 silly addNameRange     '1.2.8',
199 silly addNameRange     '1.3.0',
199 silly addNameRange     '1.3.1',
199 silly addNameRange     '1.3.2',
199 silly addNameRange     '1.3.3',
199 silly addNameRange     '1.3.4',
199 silly addNameRange     '1.3.5',
199 silly addNameRange     '1.3.6',
199 silly addNameRange     '1.3.7',
199 silly addNameRange     '1.3.8',
199 silly addNameRange     '1.3.9',
199 silly addNameRange     '1.3.10',
199 silly addNameRange     '1.3.11',
199 silly addNameRange     '1.3.12',
199 silly addNameRange     '1.4.0',
199 silly addNameRange     '1.4.1',
199 silly addNameRange     '1.5.0',
199 silly addNameRange     '1.5.1',
199 silly addNameRange     '1.5.2',
199 silly addNameRange     '1.5.3',
199 silly addNameRange     '1.6.2',
199 silly addNameRange     '1.6.3',
199 silly addNameRange     '1.6.4',
199 silly addNameRange     '1.6.5' ] ]
200 silly addNamed bower@1.6.5
201 verbose addNamed "1.6.5" is a plain semver version for bower
202 silly mapToRegistry name bower
203 silly mapToRegistry using default registry
204 silly mapToRegistry registry https://registry.npmjs.org/
205 silly mapToRegistry uri https://registry.npmjs.org/bower
206 verbose addRemoteTarball https://registry.npmjs.org/bower/-/bower-1.6.5.tgz not in flight; adding
207 verbose addRemoteTarball [ 'https://registry.npmjs.org/bower/-/bower-1.6.5.tgz',
207 verbose addRemoteTarball   '59d457122a161e42cc1625bbab8179c214b7ac11' ]
208 info retry fetch attempt 1 at 1:04:21 PM
209 info attempt registry request try #1 at 1:04:21 PM
210 http fetch GET https://registry.npmjs.org/bower/-/bower-1.6.5.tgz
211 http 200 https://registry.npmjs.org/shelljs
212 silly get cb [ 200,
212 silly get   { server: 'CouchDB/1.5.0 (Erlang OTP/R16B03)',
212 silly get     etag: '"NX6NTJ0HOBLRKA7UARS39IIE"',
212 silly get     'content-type': 'application/json',
212 silly get     'cache-control': 'max-age=60',
212 silly get     'content-length': '53679',
212 silly get     'accept-ranges': 'bytes',
212 silly get     date: 'Fri, 20 Nov 2015 18:04:15 GMT',
212 silly get     via: '1.1 varnish',
212 silly get     age: '48',
212 silly get     connection: 'keep-alive',
212 silly get     'x-served-by': 'cache-jfk1028-JFK',
212 silly get     'x-cache': 'HIT',
212 silly get     'x-cache-hits': '3',
212 silly get     'x-timer': 'S1448042655.840414,VS0,VE0',
212 silly get     vary: 'Accept' } ]
213 verbose get saving shelljs to C:\Users\home\AppData\Roaming\npm-cache\registry.npmjs.org\shelljs\.cache.json
214 silly addNameRange number 2 { name: 'shelljs', range: '>=0.3.0 <0.4.0', hasData: true }
215 silly addNameRange versions [ 'shelljs',
215 silly addNameRange   [ '0.0.1',
215 silly addNameRange     '0.0.2',
215 silly addNameRange     '0.0.3',
215 silly addNameRange     '0.0.4',
215 silly addNameRange     '0.0.5',
215 silly addNameRange     '0.0.6',
215 silly addNameRange     '0.0.7',
215 silly addNameRange     '0.0.8',
215 silly addNameRange     '0.0.9',
215 silly addNameRange     '0.1.0',
215 silly addNameRange     '0.1.1',
215 silly addNameRange     '0.1.2',
215 silly addNameRange     '0.1.3',
215 silly addNameRange     '0.1.4',
215 silly addNameRange     '0.2.0',
215 silly addNameRange     '0.2.1',
215 silly addNameRange     '0.2.2',
215 silly addNameRange     '0.2.3',
215 silly addNameRange     '0.2.4',
215 silly addNameRange     '0.2.5',
215 silly addNameRange     '0.2.6',
215 silly addNameRange     '0.3.0',
215 silly addNameRange     '0.4.0',
215 silly addNameRange     '0.5.0',
215 silly addNameRange     '0.5.1',
215 silly addNameRange     '0.5.2',
215 silly addNameRange     '0.5.3',
215 silly addNameRange     '0.0.1-alpha1',
215 silly addNameRange     '0.0.2-pre1',
215 silly addNameRange     '0.0.4-pre1',
215 silly addNameRange     '0.0.5-pre1',
215 silly addNameRange     '0.0.5-pre2',
215 silly addNameRange     '0.0.5-pre3',
215 silly addNameRange     '0.0.5-pre4',
215 silly addNameRange     '0.0.6-pre1',
215 silly addNameRange     '0.0.6-pre2' ] ]
216 silly addNamed shelljs@0.3.0
217 verbose addNamed "0.3.0" is a plain semver version for shelljs
218 silly cache afterAdd shelljs@0.3.0
219 verbose afterAdd C:\Users\home\AppData\Roaming\npm-cache\shelljs\0.3.0\package\package.json not in flight; writing
220 verbose afterAdd C:\Users\home\AppData\Roaming\npm-cache\shelljs\0.3.0\package\package.json written
221 http 200 https://registry.npmjs.org/gulp-minify-css
222 silly get cb [ 200,
222 silly get   { server: 'CouchDB/1.5.0 (Erlang OTP/R16B03)',
222 silly get     etag: '"4P2E5XUM94IYE4SH9EPDK6V1K"',
222 silly get     'content-type': 'application/json',
222 silly get     'cache-control': 'max-age=60',
222 silly get     'content-length': '61577',
222 silly get     'accept-ranges': 'bytes',
222 silly get     date: 'Fri, 20 Nov 2015 18:04:15 GMT',
222 silly get     via: '1.1 varnish',
222 silly get     age: '21',
222 silly get     connection: 'keep-alive',
222 silly get     'x-served-by': 'cache-jfk1032-JFK',
222 silly get     'x-cache': 'HIT',
222 silly get     'x-cache-hits': '1',
222 silly get     'x-timer': 'S1448042655.614422,VS0,VE1',
222 silly get     vary: 'Accept' } ]
223 verbose get saving gulp-minify-css to C:\Users\home\AppData\Roaming\npm-cache\registry.npmjs.org\gulp-minify-css\.cache.json
224 silly addNameRange number 2 { name: 'gulp-minify-css',
224 silly addNameRange   range: '>=0.3.0 <0.4.0',
224 silly addNameRange   hasData: true }
225 silly addNameRange versions [ 'gulp-minify-css',
225 silly addNameRange   [ '0.0.1',
225 silly addNameRange     '0.1.0',
225 silly addNameRange     '0.2.0',
225 silly addNameRange     '0.3.0',
225 silly addNameRange     '0.3.1',
225 silly addNameRange     '0.3.2',
225 silly addNameRange     '0.3.3',
225 silly addNameRange     '0.3.4',
225 silly addNameRange     '0.3.5',
225 silly addNameRange     '0.3.6',
225 silly addNameRange     '0.3.7',
225 silly addNameRange     '0.3.8',
225 silly addNameRange     '0.3.9',
225 silly addNameRange     '0.3.10',
225 silly addNameRange     '0.3.11',
225 silly addNameRange     '0.3.12',
225 silly addNameRange     '0.3.13',
225 silly addNameRange     '0.4.0',
225 silly addNameRange     '0.4.1',
225 silly addNameRange     '0.4.2',
225 silly addNameRange     '0.4.3',
225 silly addNameRange     '0.4.4',
225 silly addNameRange     '0.4.5',
225 silly addNameRange     '0.4.6',
225 silly addNameRange     '0.5.0',
225 silly addNameRange     '0.5.1',
225 silly addNameRange     '1.0.0',
225 silly addNameRange     '1.1.0',
225 silly addNameRange     '1.1.1',
225 silly addNameRange     '1.1.2',
225 silly addNameRange     '1.1.2-1',
225 silly addNameRange     '1.1.3',
225 silly addNameRange     '1.1.4',
225 silly addNameRange     '1.1.5',
225 silly addNameRange     '1.1.6',
225 silly addNameRange     '1.2.0',
225 silly addNameRange     '1.2.1' ] ]
226 silly addNamed gulp-minify-css@0.3.13
227 verbose addNamed "0.3.13" is a plain semver version for gulp-minify-css
228 silly cache afterAdd gulp-minify-css@0.3.13
229 verbose afterAdd C:\Users\home\AppData\Roaming\npm-cache\gulp-minify-css\0.3.13\package\package.json not in flight; writing
230 verbose afterAdd C:\Users\home\AppData\Roaming\npm-cache\gulp-minify-css\0.3.13\package\package.json written
231 http fetch 200 https://registry.npmjs.org/bower/-/bower-1.6.5.tgz
232 verbose stack Error: read ECONNRESET
232 verbose stack     at exports._errnoException (util.js:837:11)
232 verbose stack     at TLSWrap.onread (net.js:544:26)
233 verbose cwd c:\wamp\www\google_maps_stuff\ionic-maps
234 error Windows_NT 6.1.7601
235 error argv "C:\\Program Files\\nodejs\\node.exe" "C:\\Program Files\\nodejs\\node_modules\\npm\\bin\\npm-cli.js" "install"
236 error node v4.1.1
237 error npm  v2.14.4
238 error code ECONNRESET
239 error errno ECONNRESET
240 error syscall read
241 error network read ECONNRESET
241 error network This is most likely not a problem with npm itself
241 error network and is related to network connectivity.
241 error network In most cases you are behind a proxy or have bad network settings.
241 error network
241 error network If you are behind a proxy, please make sure that the
241 error network 'proxy' config is set properly.  See: 'npm help config'
242 verbose exit [ 1, true ]
